2022-04-08 11:18:14 - INFO - 1
2022-04-08 11:18:14 - INFO - start prompt5 
2022-04-08 11:18:15 - INFO - No success
2022-04-08 11:18:15 - INFO - initialize_linkedin2
2022-04-08 11:18:15 - INFO - logged in
2022-04-08 11:19:38 - INFO - 1
2022-04-08 11:19:38 - INFO - start prompt5 
2022-04-08 11:19:39 - INFO - No success
2022-04-08 11:19:39 - INFO - initialize_linkedin2
2022-04-08 11:19:39 - INFO - logged in
2022-04-08 11:22:41 - INFO - 1
2022-04-08 11:22:41 - INFO - start prompt5 
2022-04-08 11:22:42 - INFO - No success
2022-04-08 11:22:42 - INFO - initialize_linkedin2
2022-04-08 11:22:42 - INFO - logged in
2022-04-08 11:22:42 - INFO - Done
2022-04-08 11:23:15 - INFO - 1
2022-04-08 11:23:15 - INFO - start prompt5 
2022-04-08 11:23:16 - INFO - No success
2022-04-08 11:23:16 - INFO - connected
2022-04-08 11:23:16 - INFO - initialize_linkedin2
2022-04-08 11:23:16 - INFO - logged in
2022-04-08 11:23:16 - INFO - Done
